Info: *******************************************************************
Info: Running Quartus Prime Analysis & Synthesis
    Info: Version 20.1.1 Build 720 11/11/2020 SJ Standard Edition
    Info: Copyright (C) 2020  Intel Corporation. All rights reserved.
    Info: Your use of Intel Corporation's design tools, logic functions 
    Info: and other software and tools, and any partner logic 
    Info: functions, and any output files from any of the foregoing 
    Info: (including device programming or simulation files), and any 
    Info: associated documentation or information are expressly subject 
    Info: to the terms and conditions of the Intel Program License 
    Info: Subscription Agreement, the Intel Quartus Prime License Agreement,
    Info: the Intel FPGA IP License Agreement, or other applicable license
    Info: agreement, including, without limitation, that your use is for
    Info: the sole purpose of programming logic devices manufactured by
    Info: Intel and sold by Intel or its authorized distributors.  Please
    Info: refer to the applicable agreement for further details, at
    Info: https://fpgasoftware.intel.com/eula.
    Info: Processing started: Thu Apr 25 14:06:22 2024
Info: Command: quartus_map --read_settings_files=on --write_settings_files=off toolflow -c toolflow
Warning (18236): Number of processors has not been specified which may cause overloading on shared machines.  Set the global assignment NUM_PARALLEL_PROCESSORS in your QSF to an appropriate value for best performance.
Info (20030): Parallel compilation is enabled and will use 12 of the 12 processors detected
Info (12021): Found 2 design units, including 0 entities, in source file /home/joo/cpre381/EverythingProject2/CPRE381/SoftwareScheduledPipelinedProcessor/proj/src/MIPS_types.vhd
    Info (12022): Found design unit 1: MIPS_types File: /home/joo/cpre381/EverythingProject2/CPRE381/SoftwareScheduledPipelinedProcessor/proj/src/MIPS_types.vhd Line: 16
    Info (12022): Found design unit 2: MIPS_types-body File: /home/joo/cpre381/EverythingProject2/CPRE381/SoftwareScheduledPipelinedProcessor/proj/src/MIPS_types.vhd Line: 63
Info (12021): Found 2 design units, including 1 entities, in source file /home/joo/cpre381/EverythingProject2/CPRE381/SoftwareScheduledPipelinedProcessor/proj/src/TopLevel/EX_MEM.vhd
    Info (12022): Found design unit 1: EX_MEM-structure File: /home/joo/cpre381/EverythingProject2/CPRE381/SoftwareScheduledPipelinedProcessor/proj/src/TopLevel/EX_MEM.vhd Line: 47
    Info (12023): Found entity 1: EX_MEM File: /home/joo/cpre381/EverythingProject2/CPRE381/SoftwareScheduledPipelinedProcessor/proj/src/TopLevel/EX_MEM.vhd Line: 20
Info (12021): Found 2 design units, including 1 entities, in source file /home/joo/cpre381/EverythingProject2/CPRE381/SoftwareScheduledPipelinedProcessor/proj/src/TopLevel/ID_EX.vhd
    Info (12022): Found design unit 1: ID_EX-structure File: /home/joo/cpre381/EverythingProject2/CPRE381/SoftwareScheduledPipelinedProcessor/proj/src/TopLevel/ID_EX.vhd Line: 55
    Info (12023): Found entity 1: ID_EX File: /home/joo/cpre381/EverythingProject2/CPRE381/SoftwareScheduledPipelinedProcessor/proj/src/TopLevel/ID_EX.vhd Line: 20
Info (12021): Found 2 design units, including 1 entities, in source file /home/joo/cpre381/EverythingProject2/CPRE381/SoftwareScheduledPipelinedProcessor/proj/src/TopLevel/IF_ID.vhd
    Info (12022): Found design unit 1: IF_ID-structure File: /home/joo/cpre381/EverythingProject2/CPRE381/SoftwareScheduledPipelinedProcessor/proj/src/TopLevel/IF_ID.vhd Line: 39
    Info (12023): Found entity 1: IF_ID File: /home/joo/cpre381/EverythingProject2/CPRE381/SoftwareScheduledPipelinedProcessor/proj/src/TopLevel/IF_ID.vhd Line: 20
Info (12021): Found 2 design units, including 1 entities, in source file /home/joo/cpre381/EverythingProject2/CPRE381/SoftwareScheduledPipelinedProcessor/proj/src/TopLevel/MEM_WB.vhd
    Info (12022): Found design unit 1: MEM_WB-behavior File: /home/joo/cpre381/EverythingProject2/CPRE381/SoftwareScheduledPipelinedProcessor/proj/src/TopLevel/MEM_WB.vhd Line: 46
    Info (12023): Found entity 1: MEM_WB File: /home/joo/cpre381/EverythingProject2/CPRE381/SoftwareScheduledPipelinedProcessor/proj/src/TopLevel/MEM_WB.vhd Line: 20
Info (12021): Found 2 design units, including 1 entities, in source file /home/joo/cpre381/EverythingProject2/CPRE381/SoftwareScheduledPipelinedProcessor/proj/src/TopLevel/MIPS_Processor.vhd
    Info (12022): Found design unit 1: MIPS_Processor-structure File: /home/joo/cpre381/EverythingProject2/CPRE381/SoftwareScheduledPipelinedProcessor/proj/src/TopLevel/MIPS_Processor.vhd Line: 44
    Info (12023): Found entity 1: MIPS_Processor File: /home/joo/cpre381/EverythingProject2/CPRE381/SoftwareScheduledPipelinedProcessor/proj/src/TopLevel/MIPS_Processor.vhd Line: 24
Info (12021): Found 2 design units, including 1 entities, in source file /home/joo/cpre381/EverythingProject2/CPRE381/SoftwareScheduledPipelinedProcessor/proj/src/TopLevel/add_sub.vhd
    Info (12022): Found design unit 1: add_sub-structure File: /home/joo/cpre381/EverythingProject2/CPRE381/SoftwareScheduledPipelinedProcessor/proj/src/TopLevel/add_sub.vhd Line: 38
    Info (12023): Found entity 1: add_sub File: /home/joo/cpre381/EverythingProject2/CPRE381/SoftwareScheduledPipelinedProcessor/proj/src/TopLevel/add_sub.vhd Line: 21
Info (12021): Found 2 design units, including 1 entities, in source file /home/joo/cpre381/EverythingProject2/CPRE381/SoftwareScheduledPipelinedProcessor/proj/src/TopLevel/adder.vhd
    Info (12022): Found design unit 1: adder-dataflow File: /home/joo/cpre381/EverythingProject2/CPRE381/SoftwareScheduledPipelinedProcessor/proj/src/TopLevel/adder.vhd Line: 33
    Info (12023): Found entity 1: adder File: /home/joo/cpre381/EverythingProject2/CPRE381/SoftwareScheduledPipelinedProcessor/proj/src/TopLevel/adder.vhd Line: 21
Info (12021): Found 2 design units, including 1 entities, in source file /home/joo/cpre381/EverythingProject2/CPRE381/SoftwareScheduledPipelinedProcessor/proj/src/TopLevel/adder_n.vhd
    Info (12022): Found design unit 1: adder_n-structure File: /home/joo/cpre381/EverythingProject2/CPRE381/SoftwareScheduledPipelinedProcessor/proj/src/TopLevel/adder_n.vhd Line: 37
    Info (12023): Found entity 1: adder_n File: /home/joo/cpre381/EverythingProject2/CPRE381/SoftwareScheduledPipelinedProcessor/proj/src/TopLevel/adder_n.vhd Line: 21
Info (12021): Found 2 design units, including 1 entities, in source file /home/joo/cpre381/EverythingProject2/CPRE381/SoftwareScheduledPipelinedProcessor/proj/src/TopLevel/alu.vhd
    Info (12022): Found design unit 1: alu-structure File: /home/joo/cpre381/EverythingProject2/CPRE381/SoftwareScheduledPipelinedProcessor/proj/src/TopLevel/alu.vhd Line: 44
    Info (12023): Found entity 1: alu File: /home/joo/cpre381/EverythingProject2/CPRE381/SoftwareScheduledPipelinedProcessor/proj/src/TopLevel/alu.vhd Line: 25
Info (12021): Found 2 design units, including 1 entities, in source file /home/joo/cpre381/EverythingProject2/CPRE381/SoftwareScheduledPipelinedProcessor/proj/src/TopLevel/barrel_shifter.vhd
    Info (12022): Found design unit 1: barrel_shifter-structural File: /home/joo/cpre381/EverythingProject2/CPRE381/SoftwareScheduledPipelinedProcessor/proj/src/TopLevel/barrel_shifter.vhd Line: 33
    Info (12023): Found entity 1: barrel_shifter File: /home/joo/cpre381/EverythingProject2/CPRE381/SoftwareScheduledPipelinedProcessor/proj/src/TopLevel/barrel_shifter.vhd Line: 21
Info (12021): Found 2 design units, including 1 entities, in source file /home/joo/cpre381/EverythingProject2/CPRE381/SoftwareScheduledPipelinedProcessor/proj/src/TopLevel/control.vhd
    Info (12022): Found design unit 1: control-mixed File: /home/joo/cpre381/EverythingProject2/CPRE381/SoftwareScheduledPipelinedProcessor/proj/src/TopLevel/control.vhd Line: 33
    Info (12023): Found entity 1: control File: /home/joo/cpre381/EverythingProject2/CPRE381/SoftwareScheduledPipelinedProcessor/proj/src/TopLevel/control.vhd Line: 20
Info (12021): Found 2 design units, including 1 entities, in source file /home/joo/cpre381/EverythingProject2/CPRE381/SoftwareScheduledPipelinedProcessor/proj/src/TopLevel/control_divider.vhd
    Info (12022): Found design unit 1: control_divider-behavior File: /home/joo/cpre381/EverythingProject2/CPRE381/SoftwareScheduledPipelinedProcessor/proj/src/TopLevel/control_divider.vhd Line: 29
    Info (12023): Found entity 1: control_divider File: /home/joo/cpre381/EverythingProject2/CPRE381/SoftwareScheduledPipelinedProcessor/proj/src/TopLevel/control_divider.vhd Line: 20
Info (12021): Found 2 design units, including 1 entities, in source file /home/joo/cpre381/EverythingProject2/CPRE381/SoftwareScheduledPipelinedProcessor/proj/src/TopLevel/decoder.vhd
    Info (12022): Found design unit 1: decoder-dataflow File: /home/joo/cpre381/EverythingProject2/CPRE381/SoftwareScheduledPipelinedProcessor/proj/src/TopLevel/decoder.vhd Line: 33
    Info (12023): Found entity 1: decoder File: /home/joo/cpre381/EverythingProject2/CPRE381/SoftwareScheduledPipelinedProcessor/proj/src/TopLevel/decoder.vhd Line: 19
Info (12021): Found 2 design units, including 1 entities, in source file /home/joo/cpre381/EverythingProject2/CPRE381/SoftwareScheduledPipelinedProcessor/proj/src/TopLevel/dffg.vhd
    Info (12022): Found design unit 1: dffg-mixed File: /home/joo/cpre381/EverythingProject2/CPRE381/SoftwareScheduledPipelinedProcessor/proj/src/TopLevel/dffg.vhd Line: 33
    Info (12023): Found entity 1: dffg File: /home/joo/cpre381/EverythingProject2/CPRE381/SoftwareScheduledPipelinedProcessor/proj/src/TopLevel/dffg.vhd Line: 23
Info (12021): Found 2 design units, including 1 entities, in source file /home/joo/cpre381/EverythingProject2/CPRE381/SoftwareScheduledPipelinedProcessor/proj/src/TopLevel/ex_dffg.vhd
    Info (12022): Found design unit 1: ex_dffg-mixed File: /home/joo/cpre381/EverythingProject2/CPRE381/SoftwareScheduledPipelinedProcessor/proj/src/TopLevel/ex_dffg.vhd Line: 37
    Info (12023): Found entity 1: ex_dffg File: /home/joo/cpre381/EverythingProject2/CPRE381/SoftwareScheduledPipelinedProcessor/proj/src/TopLevel/ex_dffg.vhd Line: 25
Info (12021): Found 2 design units, including 1 entities, in source file /home/joo/cpre381/EverythingProject2/CPRE381/SoftwareScheduledPipelinedProcessor/proj/src/TopLevel/invg.vhd
    Info (12022): Found design unit 1: invg-dataflow File: /home/joo/cpre381/EverythingProject2/CPRE381/SoftwareScheduledPipelinedProcessor/proj/src/TopLevel/invg.vhd Line: 30
    Info (12023): Found entity 1: invg File: /home/joo/cpre381/EverythingProject2/CPRE381/SoftwareScheduledPipelinedProcessor/proj/src/TopLevel/invg.vhd Line: 23
Info (12021): Found 2 design units, including 1 entities, in source file /home/joo/cpre381/EverythingProject2/CPRE381/SoftwareScheduledPipelinedProcessor/proj/src/TopLevel/mem.vhd
    Info (12022): Found design unit 1: mem-rtl File: /home/joo/cpre381/EverythingProject2/CPRE381/SoftwareScheduledPipelinedProcessor/proj/src/TopLevel/mem.vhd Line: 27
    Info (12023): Found entity 1: mem File: /home/joo/cpre381/EverythingProject2/CPRE381/SoftwareScheduledPipelinedProcessor/proj/src/TopLevel/mem.vhd Line: 8
Info (12021): Found 2 design units, including 1 entities, in source file /home/joo/cpre381/EverythingProject2/CPRE381/SoftwareScheduledPipelinedProcessor/proj/src/TopLevel/mem_dffg.vhd
    Info (12022): Found design unit 1: mem_dffg-mixed File: /home/joo/cpre381/EverythingProject2/CPRE381/SoftwareScheduledPipelinedProcessor/proj/src/TopLevel/mem_dffg.vhd Line: 35
    Info (12023): Found entity 1: mem_dffg File: /home/joo/cpre381/EverythingProject2/CPRE381/SoftwareScheduledPipelinedProcessor/proj/src/TopLevel/mem_dffg.vhd Line: 25
Info (12021): Found 2 design units, including 1 entities, in source file /home/joo/cpre381/EverythingProject2/CPRE381/SoftwareScheduledPipelinedProcessor/proj/src/TopLevel/mux2t1.vhd
    Info (12022): Found design unit 1: mux2t1-dataflow File: /home/joo/cpre381/EverythingProject2/CPRE381/SoftwareScheduledPipelinedProcessor/proj/src/TopLevel/mux2t1.vhd Line: 31
    Info (12023): Found entity 1: mux2t1 File: /home/joo/cpre381/EverythingProject2/CPRE381/SoftwareScheduledPipelinedProcessor/proj/src/TopLevel/mux2t1.vhd Line: 21
Info (12021): Found 2 design units, including 1 entities, in source file /home/joo/cpre381/EverythingProject2/CPRE381/SoftwareScheduledPipelinedProcessor/proj/src/TopLevel/mux2t1_N.vhd
    Info (12022): Found design unit 1: mux2t1_N-structure File: /home/joo/cpre381/EverythingProject2/CPRE381/SoftwareScheduledPipelinedProcessor/proj/src/TopLevel/mux2t1_N.vhd Line: 36
    Info (12023): Found entity 1: mux2t1_N File: /home/joo/cpre381/EverythingProject2/CPRE381/SoftwareScheduledPipelinedProcessor/proj/src/TopLevel/mux2t1_N.vhd Line: 21
Info (12021): Found 2 design units, including 1 entities, in source file /home/joo/cpre381/EverythingProject2/CPRE381/SoftwareScheduledPipelinedProcessor/proj/src/TopLevel/n_dffg.vhd
    Info (12022): Found design unit 1: n_dffg-structure File: /home/joo/cpre381/EverythingProject2/CPRE381/SoftwareScheduledPipelinedProcessor/proj/src/TopLevel/n_dffg.vhd Line: 39
    Info (12023): Found entity 1: n_dffg File: /home/joo/cpre381/EverythingProject2/CPRE381/SoftwareScheduledPipelinedProcessor/proj/src/TopLevel/n_dffg.vhd Line: 23
Info (12021): Found 2 design units, including 1 entities, in source file /home/joo/cpre381/EverythingProject2/CPRE381/SoftwareScheduledPipelinedProcessor/proj/src/TopLevel/nm_mux.vhd
    Info (12022): Found design unit 1: nm_mux-dataflow File: /home/joo/cpre381/EverythingProject2/CPRE381/SoftwareScheduledPipelinedProcessor/proj/src/TopLevel/nm_mux.vhd Line: 36
    Info (12023): Found entity 1: nm_mux File: /home/joo/cpre381/EverythingProject2/CPRE381/SoftwareScheduledPipelinedProcessor/proj/src/TopLevel/nm_mux.vhd Line: 21
Info (12021): Found 2 design units, including 1 entities, in source file /home/joo/cpre381/EverythingProject2/CPRE381/SoftwareScheduledPipelinedProcessor/proj/src/TopLevel/ones_comp.vhd
    Info (12022): Found design unit 1: ones_comp-structure File: /home/joo/cpre381/EverythingProject2/CPRE381/SoftwareScheduledPipelinedProcessor/proj/src/TopLevel/ones_comp.vhd Line: 34
    Info (12023): Found entity 1: ones_comp File: /home/joo/cpre381/EverythingProject2/CPRE381/SoftwareScheduledPipelinedProcessor/proj/src/TopLevel/ones_comp.vhd Line: 21
Info (12021): Found 2 design units, including 1 entities, in source file /home/joo/cpre381/EverythingProject2/CPRE381/SoftwareScheduledPipelinedProcessor/proj/src/TopLevel/partial_mem.vhd
    Info (12022): Found design unit 1: partial_mem-behavior File: /home/joo/cpre381/EverythingProject2/CPRE381/SoftwareScheduledPipelinedProcessor/proj/src/TopLevel/partial_mem.vhd Line: 23
    Info (12023): Found entity 1: partial_mem File: /home/joo/cpre381/EverythingProject2/CPRE381/SoftwareScheduledPipelinedProcessor/proj/src/TopLevel/partial_mem.vhd Line: 8
Info (12021): Found 2 design units, including 1 entities, in source file /home/joo/cpre381/EverythingProject2/CPRE381/SoftwareScheduledPipelinedProcessor/proj/src/TopLevel/pc_dffg.vhd
    Info (12022): Found design unit 1: pc_dffg-structure File: /home/joo/cpre381/EverythingProject2/CPRE381/SoftwareScheduledPipelinedProcessor/proj/src/TopLevel/pc_dffg.vhd Line: 39
    Info (12023): Found entity 1: pc_dffg File: /home/joo/cpre381/EverythingProject2/CPRE381/SoftwareScheduledPipelinedProcessor/proj/src/TopLevel/pc_dffg.vhd Line: 23
Info (12021): Found 2 design units, including 1 entities, in source file /home/joo/cpre381/EverythingProject2/CPRE381/SoftwareScheduledPipelinedProcessor/proj/src/TopLevel/reg.vhd
    Info (12022): Found design unit 1: reg-mixed File: /home/joo/cpre381/EverythingProject2/CPRE381/SoftwareScheduledPipelinedProcessor/proj/src/TopLevel/reg.vhd Line: 40
    Info (12023): Found entity 1: reg File: /home/joo/cpre381/EverythingProject2/CPRE381/SoftwareScheduledPipelinedProcessor/proj/src/TopLevel/reg.vhd Line: 23
Info (12021): Found 2 design units, including 1 entities, in source file /home/joo/cpre381/EverythingProject2/CPRE381/SoftwareScheduledPipelinedProcessor/proj/src/TopLevel/reg_file.vhd
    Info (12022): Found design unit 1: reg_file-structure File: /home/joo/cpre381/EverythingProject2/CPRE381/SoftwareScheduledPipelinedProcessor/proj/src/TopLevel/reg_file.vhd Line: 36
    Info (12023): Found entity 1: reg_file File: /home/joo/cpre381/EverythingProject2/CPRE381/SoftwareScheduledPipelinedProcessor/proj/src/TopLevel/reg_file.vhd Line: 20
Info (12021): Found 2 design units, including 1 entities, in source file /home/joo/cpre381/EverythingProject2/CPRE381/SoftwareScheduledPipelinedProcessor/proj/src/TopLevel/wb_dffg.vhd
    Info (12022): Found design unit 1: wb_dffg-mixed File: /home/joo/cpre381/EverythingProject2/CPRE381/SoftwareScheduledPipelinedProcessor/proj/src/TopLevel/wb_dffg.vhd Line: 35
    Info (12023): Found entity 1: wb_dffg File: /home/joo/cpre381/EverythingProject2/CPRE381/SoftwareScheduledPipelinedProcessor/proj/src/TopLevel/wb_dffg.vhd Line: 25
Info (12127): Elaborating entity "MIPS_Processor" for the top level hierarchy
Warning (10036): Verilog HDL or VHDL warning at MIPS_Processor.vhd(47): object "s_Halt" assigned a value but never read File: /home/joo/cpre381/EverythingProject2/CPRE381/SoftwareScheduledPipelinedProcessor/proj/src/TopLevel/MIPS_Processor.vhd Line: 47
Warning (10036): Verilog HDL or VHDL warning at MIPS_Processor.vhd(50): object "s_Ovfl" assigned a value but never read File: /home/joo/cpre381/EverythingProject2/CPRE381/SoftwareScheduledPipelinedProcessor/proj/src/TopLevel/MIPS_Processor.vhd Line: 50
Warning (10036): Verilog HDL or VHDL warning at MIPS_Processor.vhd(53): object "s_DMemWr" assigned a value but never read File: /home/joo/cpre381/EverythingProject2/CPRE381/SoftwareScheduledPipelinedProcessor/proj/src/TopLevel/MIPS_Processor.vhd Line: 53
Warning (10036): Verilog HDL or VHDL warning at MIPS_Processor.vhd(54): object "s_DMemAddr" assigned a value but never read File: /home/joo/cpre381/EverythingProject2/CPRE381/SoftwareScheduledPipelinedProcessor/proj/src/TopLevel/MIPS_Processor.vhd Line: 54
Warning (10036): Verilog HDL or VHDL warning at MIPS_Processor.vhd(55): object "s_DMemData" assigned a value but never read File: /home/joo/cpre381/EverythingProject2/CPRE381/SoftwareScheduledPipelinedProcessor/proj/src/TopLevel/MIPS_Processor.vhd Line: 55
Warning (10036): Verilog HDL or VHDL warning at MIPS_Processor.vhd(56): object "s_DMemOut" assigned a value but never read File: /home/joo/cpre381/EverythingProject2/CPRE381/SoftwareScheduledPipelinedProcessor/proj/src/TopLevel/MIPS_Processor.vhd Line: 56
Warning (10036): Verilog HDL or VHDL warning at MIPS_Processor.vhd(66): object "s_Inst" assigned a value but never read File: /home/joo/cpre381/EverythingProject2/CPRE381/SoftwareScheduledPipelinedProcessor/proj/src/TopLevel/MIPS_Processor.vhd Line: 66
Info (12128): Elaborating entity "pc_dffg" for hierarchy "pc_dffg:PC" File: /home/joo/cpre381/EverythingProject2/CPRE381/SoftwareScheduledPipelinedProcessor/proj/src/TopLevel/MIPS_Processor.vhd Line: 347
Info (12128): Elaborating entity "adder_n" for hierarchy "adder_n:i_adder_n" File: /home/joo/cpre381/EverythingProject2/CPRE381/SoftwareScheduledPipelinedProcessor/proj/src/TopLevel/MIPS_Processor.vhd Line: 360
Info (12128): Elaborating entity "adder" for hierarchy "adder_n:i_adder_n|adder:i0_adder_1" File: /home/joo/cpre381/EverythingProject2/CPRE381/SoftwareScheduledPipelinedProcessor/proj/src/TopLevel/adder_n.vhd Line: 56
Info (12128): Elaborating entity "mem" for hierarchy "mem:IMem" File: /home/joo/cpre381/EverythingProject2/CPRE381/SoftwareScheduledPipelinedProcessor/proj/src/TopLevel/MIPS_Processor.vhd Line: 369
Info (12128): Elaborating entity "IF_ID" for hierarchy "IF_ID:IIF_ID" File: /home/joo/cpre381/EverythingProject2/CPRE381/SoftwareScheduledPipelinedProcessor/proj/src/TopLevel/MIPS_Processor.vhd Line: 382
Info (12128): Elaborating entity "n_dffg" for hierarchy "IF_ID:IIF_ID|n_dffg:pc_input" File: /home/joo/cpre381/EverythingProject2/CPRE381/SoftwareScheduledPipelinedProcessor/proj/src/TopLevel/IF_ID.vhd Line: 54
Info (12128): Elaborating entity "dffg" for hierarchy "IF_ID:IIF_ID|n_dffg:pc_input|dffg:\dffg_instances:31:dffg_instance" File: /home/joo/cpre381/EverythingProject2/CPRE381/SoftwareScheduledPipelinedProcessor/proj/src/TopLevel/n_dffg.vhd Line: 54
Info (12128): Elaborating entity "control" for hierarchy "control:iControl" File: /home/joo/cpre381/EverythingProject2/CPRE381/SoftwareScheduledPipelinedProcessor/proj/src/TopLevel/MIPS_Processor.vhd Line: 396
Info (10041): Inferred latch for "o_ctrl_Q.partial_mem_sel[0]" at control.vhd(102) File: /home/joo/cpre381/EverythingProject2/CPRE381/SoftwareScheduledPipelinedProcessor/proj/src/TopLevel/control.vhd Line: 102
Info (10041): Inferred latch for "o_ctrl_Q.partial_mem_sel[1]" at control.vhd(102) File: /home/joo/cpre381/EverythingProject2/CPRE381/SoftwareScheduledPipelinedProcessor/proj/src/TopLevel/control.vhd Line: 102
Info (10041): Inferred latch for "o_ctrl_Q.alu_control.alu_select[0]" at control.vhd(39) File: /home/joo/cpre381/EverythingProject2/CPRE381/SoftwareScheduledPipelinedProcessor/proj/src/TopLevel/control.vhd Line: 39
Info (10041): Inferred latch for "o_ctrl_Q.alu_control.alu_select[1]" at control.vhd(39) File: /home/joo/cpre381/EverythingProject2/CPRE381/SoftwareScheduledPipelinedProcessor/proj/src/TopLevel/control.vhd Line: 39
Info (10041): Inferred latch for "o_ctrl_Q.alu_control.alu_select[2]" at control.vhd(39) File: /home/joo/cpre381/EverythingProject2/CPRE381/SoftwareScheduledPipelinedProcessor/proj/src/TopLevel/control.vhd Line: 39
Info (10041): Inferred latch for "o_ctrl_Q.alu_control.alu_select[3]" at control.vhd(39) File: /home/joo/cpre381/EverythingProject2/CPRE381/SoftwareScheduledPipelinedProcessor/proj/src/TopLevel/control.vhd Line: 39
Info (12128): Elaborating entity "control_divider" for hierarchy "control_divider:ControlDivider" File: /home/joo/cpre381/EverythingProject2/CPRE381/SoftwareScheduledPipelinedProcessor/proj/src/TopLevel/MIPS_Processor.vhd Line: 405
Info (12128): Elaborating entity "reg_file" for hierarchy "reg_file:RegFile" File: /home/joo/cpre381/EverythingProject2/CPRE381/SoftwareScheduledPipelinedProcessor/proj/src/TopLevel/MIPS_Processor.vhd Line: 419
Info (12128): Elaborating entity "decoder" for hierarchy "reg_file:RegFile|decoder:i_decoder" File: /home/joo/cpre381/EverythingProject2/CPRE381/SoftwareScheduledPipelinedProcessor/proj/src/TopLevel/reg_file.vhd Line: 80
Warning (10540): VHDL Signal Declaration warning at decoder.vhd(37): used explicit default value for signal "s_T" because signal was never assigned a value File: /home/joo/cpre381/EverythingProject2/CPRE381/SoftwareScheduledPipelinedProcessor/proj/src/TopLevel/decoder.vhd Line: 37
Info (12128): Elaborating entity "reg" for hierarchy "reg_file:RegFile|reg:n_dffg0_instance" File: /home/joo/cpre381/EverythingProject2/CPRE381/SoftwareScheduledPipelinedProcessor/proj/src/TopLevel/reg_file.vhd Line: 87
Info (12128): Elaborating entity "nm_mux" for hierarchy "reg_file:RegFile|nm_mux:i1_nm_mux" File: /home/joo/cpre381/EverythingProject2/CPRE381/SoftwareScheduledPipelinedProcessor/proj/src/TopLevel/reg_file.vhd Line: 107
Info (12128): Elaborating entity "ID_EX" for hierarchy "ID_EX:IID_EX" File: /home/joo/cpre381/EverythingProject2/CPRE381/SoftwareScheduledPipelinedProcessor/proj/src/TopLevel/MIPS_Processor.vhd Line: 438
Info (12128): Elaborating entity "n_dffg" for hierarchy "ID_EX:IID_EX|n_dffg:RegWrAddrOut_input" File: /home/joo/cpre381/EverythingProject2/CPRE381/SoftwareScheduledPipelinedProcessor/proj/src/TopLevel/ID_EX.vhd Line: 166
Info (12128): Elaborating entity "ex_dffg" for hierarchy "ID_EX:IID_EX|ex_dffg:EXControl_FF" File: /home/joo/cpre381/EverythingProject2/CPRE381/SoftwareScheduledPipelinedProcessor/proj/src/TopLevel/ID_EX.vhd Line: 178
Info (12128): Elaborating entity "mem_dffg" for hierarchy "ID_EX:IID_EX|mem_dffg:MEMControl_FF" File: /home/joo/cpre381/EverythingProject2/CPRE381/SoftwareScheduledPipelinedProcessor/proj/src/TopLevel/ID_EX.vhd Line: 187
Info (12128): Elaborating entity "wb_dffg" for hierarchy "ID_EX:IID_EX|wb_dffg:WBControl_FF" File: /home/joo/cpre381/EverythingProject2/CPRE381/SoftwareScheduledPipelinedProcessor/proj/src/TopLevel/ID_EX.vhd Line: 196
Info (12128): Elaborating entity "alu" for hierarchy "alu:ALUObject" File: /home/joo/cpre381/EverythingProject2/CPRE381/SoftwareScheduledPipelinedProcessor/proj/src/TopLevel/MIPS_Processor.vhd Line: 487
Info (12128): Elaborating entity "add_sub" for hierarchy "alu:ALUObject|add_sub:i_add_sub_n" File: /home/joo/cpre381/EverythingProject2/CPRE381/SoftwareScheduledPipelinedProcessor/proj/src/TopLevel/alu.vhd Line: 99
Info (12128): Elaborating entity "ones_comp" for hierarchy "alu:ALUObject|add_sub:i_add_sub_n|ones_comp:i_ones_comp" File: /home/joo/cpre381/EverythingProject2/CPRE381/SoftwareScheduledPipelinedProcessor/proj/src/TopLevel/add_sub.vhd Line: 84
Info (12128): Elaborating entity "invg" for hierarchy "alu:ALUObject|add_sub:i_add_sub_n|ones_comp:i_ones_comp|invg:\invg_instances:31:invg_instance" File: /home/joo/cpre381/EverythingProject2/CPRE381/SoftwareScheduledPipelinedProcessor/proj/src/TopLevel/ones_comp.vhd Line: 48
Info (12128): Elaborating entity "mux2t1_N" for hierarchy "alu:ALUObject|add_sub:i_add_sub_n|mux2t1_N:i_mux2t1_N" File: /home/joo/cpre381/EverythingProject2/CPRE381/SoftwareScheduledPipelinedProcessor/proj/src/TopLevel/add_sub.vhd Line: 90
Info (12128): Elaborating entity "mux2t1" for hierarchy "alu:ALUObject|add_sub:i_add_sub_n|mux2t1_N:i_mux2t1_N|mux2t1:\mux2t1_instances:31:mux2t1_instance" File: /home/joo/cpre381/EverythingProject2/CPRE381/SoftwareScheduledPipelinedProcessor/proj/src/TopLevel/mux2t1_N.vhd Line: 52
Info (12128): Elaborating entity "barrel_shifter" for hierarchy "alu:ALUObject|barrel_shifter:i_barrel_shifter" File: /home/joo/cpre381/EverythingProject2/CPRE381/SoftwareScheduledPipelinedProcessor/proj/src/TopLevel/alu.vhd Line: 116
Info (12128): Elaborating entity "EX_MEM" for hierarchy "EX_MEM:IEX_MEM" File: /home/joo/cpre381/EverythingProject2/CPRE381/SoftwareScheduledPipelinedProcessor/proj/src/TopLevel/MIPS_Processor.vhd Line: 501
Info (12128): Elaborating entity "partial_mem" for hierarchy "partial_mem:PartialMem" File: /home/joo/cpre381/EverythingProject2/CPRE381/SoftwareScheduledPipelinedProcessor/proj/src/TopLevel/MIPS_Processor.vhd Line: 530
Info (12128): Elaborating entity "MEM_WB" for hierarchy "MEM_WB:IMEM_WB" File: /home/joo/cpre381/EverythingProject2/CPRE381/SoftwareScheduledPipelinedProcessor/proj/src/TopLevel/MIPS_Processor.vhd Line: 546
Info (276014): Found 1 instances of uninferred RAM logic
    Info (276007): RAM logic "mem:DMem|ram" is uninferred due to asynchronous read logic File: /home/joo/cpre381/EverythingProject2/CPRE381/SoftwareScheduledPipelinedProcessor/proj/src/TopLevel/mem.vhd Line: 35
Info (19000): Inferred 1 megafunctions from design logic
    Info (276029): Inferred altsyncram megafunction from the following design logic: "mem:IMem|ram_rtl_0" 
        Info (286033): Parameter OPERATION_MODE set to SINGLE_PORT
        Info (286033): Parameter WIDTH_A set to 32
        Info (286033): Parameter WIDTHAD_A set to 10
        Info (286033): Parameter NUMWORDS_A set to 1024
        Info (286033): Parameter OUTDATA_REG_A set to UNREGISTERED
        Info (286033): Parameter ADDRESS_ACLR_A set to NONE
        Info (286033): Parameter OUTDATA_ACLR_A set to NONE
        Info (286033): Parameter READ_DURING_WRITE_MODE_PORT_A set to OLD_DATA
        Info (286033): Parameter INDATA_ACLR_A set to NONE
        Info (286033): Parameter WRCONTROL_ACLR_A set to NONE
Info (12130): Elaborated megafunction instantiation "mem:IMem|altsyncram:ram_rtl_0"
Info (12133): Instantiated megafunction "mem:IMem|altsyncram:ram_rtl_0" with the following parameter:
    Info (12134): Parameter "OPERATION_MODE" = "SINGLE_PORT"
    Info (12134): Parameter "WIDTH_A" = "32"
    Info (12134): Parameter "WIDTHAD_A" = "10"
    Info (12134): Parameter "NUMWORDS_A" = "1024"
    Info (12134): Parameter "OUTDATA_REG_A" = "UNREGISTERED"
    Info (12134): Parameter "ADDRESS_ACLR_A" = "NONE"
    Info (12134): Parameter "OUTDATA_ACLR_A" = "NONE"
    Info (12134): Parameter "READ_DURING_WRITE_MODE_PORT_A" = "OLD_DATA"
    Info (12134): Parameter "INDATA_ACLR_A" = "NONE"
    Info (12134): Parameter "WRCONTROL_ACLR_A" = "NONE"
Info (12021): Found 1 design units, including 1 entities, in source file db/altsyncram_eg81.tdf
    Info (12023): Found entity 1: altsyncram_eg81 File: /home/joo/cpre381/EverythingProject2/CPRE381/SoftwareScheduledPipelinedProcessor/internal/QuartusWork/db/altsyncram_eg81.tdf Line: 28
Info (13000): Registers with preset signals will power-up high File: /home/joo/cpre381/EverythingProject2/CPRE381/SoftwareScheduledPipelinedProcessor/proj/src/TopLevel/pc_dffg.vhd Line: 60
Info (13003): DEV_CLRn pin will set, and not reset, register with preset signal due to NOT Gate Push-Back
Info (286030): Timing-Driven Synthesis is running
Info (16010): Generating hard_block partition "hard_block:auto_generated_inst"
    Info (16011): Adding 0 node(s), including 0 DDIO, 0 PLL, 0 transceiver and 0 LCELL
Warning (21074): Design contains 22 input pin(s) that do not drive logic
    Warning (15610): No output dependent on input pin "iInstAddr[0]" File: /home/joo/cpre381/EverythingProject2/CPRE381/SoftwareScheduledPipelinedProcessor/proj/src/TopLevel/MIPS_Processor.vhd Line: 36
    Warning (15610): No output dependent on input pin "iInstAddr[1]" File: /home/joo/cpre381/EverythingProject2/CPRE381/SoftwareScheduledPipelinedProcessor/proj/src/TopLevel/MIPS_Processor.vhd Line: 36
    Warning (15610): No output dependent on input pin "iInstAddr[12]" File: /home/joo/cpre381/EverythingProject2/CPRE381/SoftwareScheduledPipelinedProcessor/proj/src/TopLevel/MIPS_Processor.vhd Line: 36
    Warning (15610): No output dependent on input pin "iInstAddr[13]" File: /home/joo/cpre381/EverythingProject2/CPRE381/SoftwareScheduledPipelinedProcessor/proj/src/TopLevel/MIPS_Processor.vhd Line: 36
    Warning (15610): No output dependent on input pin "iInstAddr[14]" File: /home/joo/cpre381/EverythingProject2/CPRE381/SoftwareScheduledPipelinedProcessor/proj/src/TopLevel/MIPS_Processor.vhd Line: 36
    Warning (15610): No output dependent on input pin "iInstAddr[15]" File: /home/joo/cpre381/EverythingProject2/CPRE381/SoftwareScheduledPipelinedProcessor/proj/src/TopLevel/MIPS_Processor.vhd Line: 36
    Warning (15610): No output dependent on input pin "iInstAddr[16]" File: /home/joo/cpre381/EverythingProject2/CPRE381/SoftwareScheduledPipelinedProcessor/proj/src/TopLevel/MIPS_Processor.vhd Line: 36
    Warning (15610): No output dependent on input pin "iInstAddr[17]" File: /home/joo/cpre381/EverythingProject2/CPRE381/SoftwareScheduledPipelinedProcessor/proj/src/TopLevel/MIPS_Processor.vhd Line: 36
    Warning (15610): No output dependent on input pin "iInstAddr[18]" File: /home/joo/cpre381/EverythingProject2/CPRE381/SoftwareScheduledPipelinedProcessor/proj/src/TopLevel/MIPS_Processor.vhd Line: 36
    Warning (15610): No output dependent on input pin "iInstAddr[19]" File: /home/joo/cpre381/EverythingProject2/CPRE381/SoftwareScheduledPipelinedProcessor/proj/src/TopLevel/MIPS_Processor.vhd Line: 36
    Warning (15610): No output dependent on input pin "iInstAddr[20]" File: /home/joo/cpre381/EverythingProject2/CPRE381/SoftwareScheduledPipelinedProcessor/proj/src/TopLevel/MIPS_Processor.vhd Line: 36
    Warning (15610): No output dependent on input pin "iInstAddr[21]" File: /home/joo/cpre381/EverythingProject2/CPRE381/SoftwareScheduledPipelinedProcessor/proj/src/TopLevel/MIPS_Processor.vhd Line: 36
    Warning (15610): No output dependent on input pin "iInstAddr[22]" File: /home/joo/cpre381/EverythingProject2/CPRE381/SoftwareScheduledPipelinedProcessor/proj/src/TopLevel/MIPS_Processor.vhd Line: 36
    Warning (15610): No output dependent on input pin "iInstAddr[23]" File: /home/joo/cpre381/EverythingProject2/CPRE381/SoftwareScheduledPipelinedProcessor/proj/src/TopLevel/MIPS_Processor.vhd Line: 36
    Warning (15610): No output dependent on input pin "iInstAddr[24]" File: /home/joo/cpre381/EverythingProject2/CPRE381/SoftwareScheduledPipelinedProcessor/proj/src/TopLevel/MIPS_Processor.vhd Line: 36
    Warning (15610): No output dependent on input pin "iInstAddr[25]" File: /home/joo/cpre381/EverythingProject2/CPRE381/SoftwareScheduledPipelinedProcessor/proj/src/TopLevel/MIPS_Processor.vhd Line: 36
    Warning (15610): No output dependent on input pin "iInstAddr[26]" File: /home/joo/cpre381/EverythingProject2/CPRE381/SoftwareScheduledPipelinedProcessor/proj/src/TopLevel/MIPS_Processor.vhd Line: 36
    Warning (15610): No output dependent on input pin "iInstAddr[27]" File: /home/joo/cpre381/EverythingProject2/CPRE381/SoftwareScheduledPipelinedProcessor/proj/src/TopLevel/MIPS_Processor.vhd Line: 36
    Warning (15610): No output dependent on input pin "iInstAddr[28]" File: /home/joo/cpre381/EverythingProject2/CPRE381/SoftwareScheduledPipelinedProcessor/proj/src/TopLevel/MIPS_Processor.vhd Line: 36
    Warning (15610): No output dependent on input pin "iInstAddr[29]" File: /home/joo/cpre381/EverythingProject2/CPRE381/SoftwareScheduledPipelinedProcessor/proj/src/TopLevel/MIPS_Processor.vhd Line: 36
    Warning (15610): No output dependent on input pin "iInstAddr[30]" File: /home/joo/cpre381/EverythingProject2/CPRE381/SoftwareScheduledPipelinedProcessor/proj/src/TopLevel/MIPS_Processor.vhd Line: 36
    Warning (15610): No output dependent on input pin "iInstAddr[31]" File: /home/joo/cpre381/EverythingProject2/CPRE381/SoftwareScheduledPipelinedProcessor/proj/src/TopLevel/MIPS_Processor.vhd Line: 36
Info (21057): Implemented 59482 device resources after synthesis - the final resource count might be different
    Info (21058): Implemented 67 input pins
    Info (21059): Implemented 32 output pins
    Info (21061): Implemented 59351 logic cells
    Info (21064): Implemented 32 RAM segments
Info: Quartus Prime Analysis & Synthesis was successful. 0 errors, 32 warnings
    Info: Peak virtual memory: 1012 megabytes
    Info: Processing ended: Thu Apr 25 14:07:51 2024
    Info: Elapsed time: 00:01:29
    Info: Total CPU time (on all processors): 00:00:51
Info: *******************************************************************
Info: Running Quartus Prime Fitter
    Info: Version 20.1.1 Build 720 11/11/2020 SJ Standard Edition
    Info: Copyright (C) 2020  Intel Corporation. All rights reserved.
    Info: Your use of Intel Corporation's design tools, logic functions 
    Info: and other software and tools, and any partner logic 
    Info: functions, and any output files from any of the foregoing 
    Info: (including device programming or simulation files), and any 
    Info: associated documentation or information are expressly subject 
    Info: to the terms and conditions of the Intel Program License 
    Info: Subscription Agreement, the Intel Quartus Prime License Agreement,
    Info: the Intel FPGA IP License Agreement, or other applicable license
    Info: agreement, including, without limitation, that your use is for
    Info: the sole purpose of programming logic devices manufactured by
    Info: Intel and sold by Intel or its authorized distributors.  Please
    Info: refer to the applicable agreement for further details, at
    Info: https://fpgasoftware.intel.com/eula.
    Info: Processing started: Thu Apr 25 14:07:54 2024
Info: Command: quartus_fit --read_settings_files=on --write_settings_files=off toolflow -c toolflow
Info: qfit2_default_script.tcl version: #1
Info: Project  = toolflow
Info: Revision = toolflow
Warning (18236): Number of processors has not been specified which may cause overloading on shared machines.  Set the global assignment NUM_PARALLEL_PROCESSORS in your QSF to an appropriate value for best performance.
Info (20030): Parallel compilation is enabled and will use 12 of the 12 processors detected
Info (119006): Selected device EP4CE115F29C7 for design "toolflow"
Info (21076): High junction temperature operating condition is not set. Assuming a default value of '85'.
Info (21076): Low junction temperature operating condition is not set. Assuming a default value of '0'.
Info (171003): Fitter is performing an Auto Fit compilation, which may decrease Fitter effort to reduce compilation time
Info (176444): Device migration not selected. If you intend to use device migration later, you may need to change the pin assignments as they may be incompatible with other devices
    Info (176445): Device EP4CE40F29C7 is compatible
    Info (176445): Device EP4CE40F29I7 is compatible
    Info (176445): Device EP4CE30F29C7 is compatible
    Info (176445): Device EP4CE30F29I7 is compatible
    Info (176445): Device EP4CE55F29C7 is compatible
    Info (176445): Device EP4CE55F29I7 is compatible
    Info (176445): Device EP4CE75F29C7 is compatible
    Info (176445): Device EP4CE75F29I7 is compatible
    Info (176445): Device EP4CE115F29I7 is compatible
Info (169124): Fitter converted 5 user pins into dedicated programming pins
    Info (169125): Pin ~ALTERA_ASDO_DATA1~ is reserved at location F4
    Info (169125): Pin ~ALTERA_FLASH_nCE_nCSO~ is reserved at location E2
    Info (169125): Pin ~ALTERA_DCLK~ is reserved at location P3
    Info (169125): Pin ~ALTERA_DATA0~ is reserved at location N7
    Info (169125): Pin ~ALTERA_nCEO~ is reserved at location P28
Warning (15714): Some pins have incomplete I/O assignments. Refer to the I/O Assignment Warnings report for details
Info (176045): Design uses memory blocks. Violating setup or hold times of memory block address registers for either read or write operations could cause memory contents to be corrupted. Make sure that all memory block address registers meet the setup and hold time requirements.
Critical Warning (169085): No exact pin location assignment(s) for 99 pins of 99 total pins. For the list of pins please refer to the I/O Assignment Warnings table in the fitter report.
Warning (335093): The Timing Analyzer is analyzing 6 combinational loops as latches. For more details, run the Check Timing command in the Timing Analyzer or view the "User-Specified and Inferred Latches" table in the Analysis & Synthesis report.
Info (332104): Reading SDC File: 'toolflow.sdc'
Info (332129): Detected timing requirements -- optimizing circuit to achieve only the specified requirements
Info (332111): Found 1 clocks
    Info (332111):   Period   Clock Name
    Info (332111): ======== ============
    Info (332111):   20.000         iCLK
Info (176353): Automatically promoted node iCLK~input (placed in PIN J1 (CLK1, DIFFCLK_0n)) File: /home/joo/cpre381/EverythingProject2/CPRE381/SoftwareScheduledPipelinedProcessor/proj/src/TopLevel/MIPS_Processor.vhd Line: 33
    Info (176355): Automatically promoted destinations to use location or clock signal Global Clock CLKCTRL_G2
Info (176353): Automatically promoted node iRST~input (placed in PIN Y2 (CLK2, DIFFCLK_1p)) File: /home/joo/cpre381/EverythingProject2/CPRE381/SoftwareScheduledPipelinedProcessor/proj/src/TopLevel/MIPS_Processor.vhd Line: 34
    Info (176355): Automatically promoted destinations to use location or clock signal Global Clock CLKCTRL_G4
Info (176233): Starting register packing
Info (176235): Finished register packing
    Extra Info (176219): No registers were packed into other blocks
Info (176214): Statistics of I/O pins that need to be placed that use the same VCCIO and VREF, before I/O pin placement
    Info (176211): Number of I/O pins in group: 97 (unused VREF, 2.5V VCCIO, 65 input, 32 output, 0 bidirectional)
        Info (176212): I/O standards used: 2.5 V.
Info (176215): I/O bank details before I/O pin placement
    Info (176214): Statistics of I/O banks
        Info (176213): I/O bank number 1 does not use VREF pins and has undetermined VCCIO pins. 5 total pin(s) used --  51 pins available
        Info (176213): I/O bank number 2 does not use VREF pins and has undetermined VCCIO pins. 1 total pin(s) used --  62 pins available
        Info (176213): I/O bank number 3 does not use VREF pins and has undetermined VCCIO pins. 0 total pin(s) used --  73 pins available
        Info (176213): I/O bank number 4 does not use VREF pins and has undetermined VCCIO pins. 0 total pin(s) used --  71 pins available
        Info (176213): I/O bank number 5 does not use VREF pins and has undetermined VCCIO pins. 0 total pin(s) used --  65 pins available
        Info (176213): I/O bank number 6 does not use VREF pins and has undetermined VCCIO pins. 1 total pin(s) used --  57 pins available
        Info (176213): I/O bank number 7 does not use VREF pins and has undetermined VCCIO pins. 0 total pin(s) used --  72 pins available
        Info (176213): I/O bank number 8 does not use VREF pins and has undetermined VCCIO pins. 0 total pin(s) used --  71 pins available
Info (171121): Fitter preparation operations ending: elapsed time is 00:00:18
Info (14896): Fitter has disabled Advanced Physical Optimization because it is not supported for the current family.
Info (170189): Fitter placement preparation operations beginning
Info (170190): Fitter placement preparation operations ending: elapsed time is 00:00:04
Info (170191): Fitter placement operations beginning
Info (170137): Fitter placement was successful
Info (170192): Fitter placement operations ending: elapsed time is 00:00:30
Info (170193): Fitter routing operations beginning
Info (170195): Router estimated average interconnect usage is 16% of the available device resources
    Info (170196): Router estimated peak interconnect usage is 38% of the available device resources in the region that extends from location X81_Y37 to location X91_Y48
Info (170199): The Fitter performed an Auto Fit compilation.  Optimizations were skipped to reduce compilation time.
    Info (170201): Optimizations that may affect the design's routability were skipped
    Info (170200): Optimizations that may affect the design's timing were skipped
Info (170194): Fitter routing operations ending: elapsed time is 00:00:23
Info (11888): Total time spent on timing analysis during the Fitter is 7.54 seconds.
Info (334003): Started post-fitting delay annotation
Info (334004): Delay annotation completed successfully
Info (334003): Started post-fitting delay annotation
Info (334004): Delay annotation completed successfully
Info (11218): Fitter post-fit operations ending: elapsed time is 00:00:07
Info (144001): Generated suppressed messages file /home/joo/cpre381/EverythingProject2/CPRE381/SoftwareScheduledPipelinedProcessor/internal/QuartusWork/output_files/toolflow.fit.smsg
Info: Quartus Prime Fitter was successful. 0 errors, 4 warnings
    Info: Peak virtual memory: 2491 megabytes
    Info: Processing ended: Thu Apr 25 14:09:46 2024
    Info: Elapsed time: 00:01:52
    Info: Total CPU time (on all processors): 00:04:26
Info: *******************************************************************
Info: Running Quartus Prime Assembler
    Info: Version 20.1.1 Build 720 11/11/2020 SJ Standard Edition
    Info: Copyright (C) 2020  Intel Corporation. All rights reserved.
    Info: Your use of Intel Corporation's design tools, logic functions 
    Info: and other software and tools, and any partner logic 
    Info: functions, and any output files from any of the foregoing 
    Info: (including device programming or simulation files), and any 
    Info: associated documentation or information are expressly subject 
    Info: to the terms and conditions of the Intel Program License 
    Info: Subscription Agreement, the Intel Quartus Prime License Agreement,
    Info: the Intel FPGA IP License Agreement, or other applicable license
    Info: agreement, including, without limitation, that your use is for
    Info: the sole purpose of programming logic devices manufactured by
    Info: Intel and sold by Intel or its authorized distributors.  Please
    Info: refer to the applicable agreement for further details, at
    Info: https://fpgasoftware.intel.com/eula.
    Info: Processing started: Thu Apr 25 14:09:47 2024
Info: Command: quartus_asm --read_settings_files=on --write_settings_files=off toolflow -c toolflow
Warning (18236): Number of processors has not been specified which may cause overloading on shared machines.  Set the global assignment NUM_PARALLEL_PROCESSORS in your QSF to an appropriate value for best performance.
Info (115031): Writing out detailed assembly data for power analysis
Info (115030): Assembler is generating device programming files
Info: Quartus Prime Assembler was successful. 0 errors, 1 warning
    Info: Peak virtual memory: 740 megabytes
    Info: Processing ended: Thu Apr 25 14:09:50 2024
    Info: Elapsed time: 00:00:03
    Info: Total CPU time (on all processors): 00:00:03
